<?xml version="1.0" encoding="UTF-8"?>
<!-- Generated by org.testng.reporters.JUnitReportReporter -->
<testsuite skipped="0" hostname="edz-PC" name="DataTest" tests="2" failures="0" timestamp="08 八月 2018 03:09:59 GMT" time="0.121" errors="0">
  <testcase name="test" time="0.110" classname="DataTest"/>
  <testcase name="test1" time="0.011" classname="DataTest"/>
</testsuite> <!-- DataTest -->
