<?xml version="1.0" encoding="UTF-8"?>
<!-- Generated by org.testng.reporters.JUnitReportReporter -->
<testsuite skipped="0" hostname="edz-PC" name="com.mainData.testng.DataTest" tests="1" failures="0" timestamp="08 八月 2018 06:43:45 GMT" time="0.017" errors="0">
  <testcase name="test1" time="0.017" classname="com.mainData.testng.DataTest"/>
</testsuite> <!-- com.mainData.testng.DataTest -->
